<?xml version="1.0" encoding="UTF-8"?>
<!-- Generated by org.testng.reporters.JUnitXMLReporter -->
<testsuite hostname="LAPTOP-R3U6M9V8" ignored="0" name="Default test" tests="4" failures="0" timestamp="04 四月 2018 04:13:35 GMT" time="0.058" errors="0">
  <testcase name="logTest1" time="0.022" classname="com.pinke.ihome.test.LogTest"/>
  <testcase name="logTest2" time="0.001" classname="com.pinke.ihome.test.LogTest"/>
  <testcase name="logTest3" time="0.002" classname="com.pinke.ihome.test.LogTest"/>
  <testcase name="logTest4" time="0.009" classname="com.pinke.ihome.test.LogTest"/>
</testsuite> <!-- Default test -->
