<?xml version="1.0" encoding="UTF-8"?>
<!-- Generated by org.testng.reporters.JUnitXMLReporter -->
<testsuite hostname="LAPTOP-R3U6M9V8" ignored="0" name="round1" tests="4" failures="0" timestamp="02 四月 2018 05:40:04 GMT" time="0.03" errors="0">
  <testcase name="test1" time="0.002" classname="com.pinke.test.demo.TestNGDemo2"/>
  <testcase name="test2" time="0.0" classname="com.pinke.test.demo.TestNGDemo2"/>
  <testcase name="test3" time="0.0" classname="com.pinke.test.demo.TestNGDemo3"/>
  <testcase name="test4" time="0.0" classname="com.pinke.test.demo.TestNGDemo3"/>
</testsuite> <!-- round1 -->
