<?xml version="1.0" encoding="UTF-8"?>
<testng-results skipped="0" failed="0" ignored="0" total="4" passed="4">
  <reporter-output>
  </reporter-output>
  <suite name="Default suite" duration-ms="58" started-at="2018-04-04T04:13:35Z" finished-at="2018-04-04T04:13:35Z">
    <groups>
    </groups>
    <test name="Default test" duration-ms="58" started-at="2018-04-04T04:13:35Z" finished-at="2018-04-04T04:13:35Z">
      <class name="com.pinke.ihome.test.LogTest">
        <test-method status="PASS" signature="logTest1()[pri:0, instance:com.pinke.ihome.test.LogTest@dd0c991]" name="logTest1" duration-ms="22" started-at="2018-04-04T12:13:35Z" finished-at="2018-04-04T12:13:35Z">
          <reporter-output>
          </reporter-output>
        </test-method> <!-- logTest1 -->
        <test-method status="PASS" signature="logTest2()[pri:0, instance:com.pinke.ihome.test.LogTest@dd0c991]" name="logTest2" duration-ms="1" started-at="2018-04-04T12:13:35Z" finished-at="2018-04-04T12:13:35Z">
          <reporter-output>
          </reporter-output>
        </test-method> <!-- logTest2 -->
        <test-method status="PASS" signature="logTest3()[pri:0, instance:com.pinke.ihome.test.LogTest@dd0c991]" name="logTest3" duration-ms="2" started-at="2018-04-04T12:13:35Z" finished-at="2018-04-04T12:13:35Z">
          <reporter-output>
          </reporter-output>
        </test-method> <!-- logTest3 -->
        <test-method status="PASS" signature="logTest4()[pri:0, instance:com.pinke.ihome.test.LogTest@dd0c991]" name="logTest4" duration-ms="9" started-at="2018-04-04T12:13:35Z" finished-at="2018-04-04T12:13:35Z">
          <reporter-output>
          </reporter-output>
        </test-method> <!-- logTest4 -->
      </class> <!-- com.pinke.ihome.test.LogTest -->
    </test> <!-- Default test -->
  </suite> <!-- Default suite -->
</testng-results>
